<?xml version="1.0" encoding="UTF-8"?>
<!-- Generated by org.testng.reporters.JUnitReportReporter -->
<testsuite hostname="DESKTOP-9RRH7MF" failures="0" tests="2" name="NopCommerceTest.CheckRegisterFunctionality" time="6.366" errors="0" timestamp="2022-12-05T12:12:17 IST" skipped="0">
  <testcase classname="NopCommerceTest.CheckRegisterFunctionality" name="ToCheckRegistraion" time="3.268"/>
  <system-out>
    <![CDATA[Waiting for2000milis
Waiting for2000milis
Waiting for2000milis
Waiting for2000milis
Tc ToCheckRegistraion is pass sucessfully]]>
  </system-out>
  <testcase classname="NopCommerceTest.CheckRegisterFunctionality" name="ToCheckRegistraion" time="3.098"/>
  <system-out>
    <![CDATA[Waiting for2000milis
Waiting for2000milis
Waiting for2000milis
Waiting for2000milis
Tc ToCheckRegistraion is pass sucessfully]]>
  </system-out>
</testsuite> <!-- NopCommerceTest.CheckRegisterFunctionality -->
