<?xml version="1.0" encoding="UTF-8"?>
<!-- Generated by org.testng.reporters.JUnitReportReporter -->
<testsuite hostname="DESKTOP-9RRH7MF" failures="0" tests="1" name="TestClass.ValidateUserName" time="50.315" errors="0" timestamp="2022-12-15T13:58:40 IST" skipped="0">
  <testcase classname="TestClass.ValidateUserName" name="ValidateUserId" time="50.315"/>
  <system-out>
    <![CDATA[Validating user Name]]>
  </system-out>
</testsuite> <!-- TestClass.ValidateUserName -->
