<?xml version="1.0" encoding="UTF-8"?>
<!-- Generated by org.testng.reporters.JUnitReportReporter -->
<testsuite hostname="DESKTOP-9RRH7MF" failures="0" tests="1" name="NopCommerceTest.CheckRegisterFunctionality" time="6.771" errors="0" timestamp="2022-12-16T11:20:05 IST" skipped="0">
  <testcase classname="NopCommerceTest.CheckRegisterFunctionality" name="ToCheckRegistraion" time="6.771"/>
  <system-out>
    <![CDATA[Waiting for2000milis
Waiting for2000milis
Waiting for2000milis
Waiting for2000milis
Tc ToCheckRegistraion is pass sucessfully]]>
  </system-out>
</testsuite> <!-- NopCommerceTest.CheckRegisterFunctionality -->
